2024-03-22 14:14:17.080 [,] [restartedMain] ERROR o.s.boot.SpringApplication - Application run failed
java.lang.IllegalStateException: Logback configuration error detected: 
ERROR in ch.qos.logback.core.joran.action.NestedComplexPropertyIA - Could not create component [encoder] of type [net.logstash.logback.encoder.LogstashEncoder] java.lang.ClassNotFoundException: net.logstash.logback.encoder.LogstashEncoder
ERROR in ch.qos.logback.core.joran.spi.Interpreter@52:86 - no applicable action for [fieldNames], current ElementPath  is [[configuration][appender][encoder][fieldNames]]
ERROR in ch.qos.logback.core.joran.spi.Interpreter@53:29 - no applicable action for [includeContext], current ElementPath  is [[configuration][appender][encoder][includeContext]]
ERROR in ch.qos.logback.core.joran.spi.Interpreter@54:32 - no applicable action for [includeCallerData], current ElementPath  is [[configuration][appender][encoder][includeCallerData]]
ERROR in ch.qos.logback.core.joran.spi.Interpreter@55:27 - no applicable action for [customFields], current ElementPath  is [[configuration][appender][encoder][customFields]]
ERROR in ch.qos.logback.core.joran.spi.Interpreter@56:97 - no applicable action for [provider], current ElementPath  is [[configuration][appender][encoder][provider]]
ERROR in ch.qos.logback.core.joran.spi.Interpreter@57:28 - no applicable action for [fieldName], current ElementPath  is [[configuration][appender][encoder][provider][fieldName]]
ERROR in ch.qos.logback.core.joran.spi.Interpreter@59:106 - no applicable action for [provider], current ElementPath  is [[configuration][appender][encoder][provider]]
ERROR in ch.qos.logback.core.joran.spi.Interpreter@60:28 - no applicable action for [fieldName], current ElementPath  is [[configuration][appender][encoder][provider][fieldName]]
ERROR in ch.qos.logback.core.joran.spi.Interpreter@61:37 - no applicable action for [useSimpleClassName], current ElementPath  is [[configuration][appender][encoder][provider][useSimpleClassName]]
ERROR in ch.qos.logback.core.joran.spi.Interpreter@63:115 - no applicable action for [provider], current ElementPath  is [[configuration][appender][encoder][provider]]
ERROR in ch.qos.logback.core.joran.spi.Interpreter@64:28 - no applicable action for [fieldName], current ElementPath  is [[configuration][appender][encoder][provider][fieldName]]
ERROR in ch.qos.logback.core.joran.spi.Interpreter@65:37 - no applicable action for [useSimpleClassName], current ElementPath  is [[configuration][appender][encoder][provider][useSimpleClassName]]
ERROR in ch.qos.logback.core.rolling.RollingFileAppender[RENT_FILE] - No encoder set for the appender named "RENT_FILE".
	at org.springframework.boot.logging.logback.LogbackLoggingSystem.loadConfiguration(LogbackLoggingSystem.java:166)
	at org.springframework.boot.logging.AbstractLoggingSystem.initializeWithConventions(AbstractLoggingSystem.java:82)
	at org.springframework.boot.logging.AbstractLoggingSystem.initialize(AbstractLoggingSystem.java:60)
	at org.springframework.boot.logging.logback.LogbackLoggingSystem.initialize(LogbackLoggingSystem.java:114)
	at org.springframework.boot.context.logging.LoggingApplicationListener.initializeSystem(LoggingApplicationListener.java:264)
	at org.springframework.boot.context.logging.LoggingApplicationListener.initialize(LoggingApplicationListener.java:237)
	at org.springframework.boot.context.logging.LoggingApplicationListener.onApplicationEnvironmentPreparedEvent(LoggingApplicationListener.java:200)
	at org.springframework.boot.context.logging.LoggingApplicationListener.onApplicationEvent(LoggingApplicationListener.java:173)
	at org.springframework.context.event.SimpleApplicationEventMulticaster.doInvokeListener(SimpleApplicationEventMulticaster.java:172)
	at org.springframework.context.event.SimpleApplicationEventMulticaster.invokeListener(SimpleApplicationEventMulticaster.java:165)
	at org.springframework.context.event.SimpleApplicationEventMulticaster.multicastEvent(SimpleApplicationEventMulticaster.java:139)
	at org.springframework.context.event.SimpleApplicationEventMulticaster.multicastEvent(SimpleApplicationEventMulticaster.java:127)
	at org.springframework.boot.context.event.EventPublishingRunListener.environmentPrepared(EventPublishingRunListener.java:74)
	at org.springframework.boot.SpringApplicationRunListeners.environmentPrepared(SpringApplicationRunListeners.java:54)
	at org.springframework.boot.SpringApplication.prepareEnvironment(SpringApplication.java:351)
	at org.springframework.boot.SpringApplication.run(SpringApplication.java:317)
	at org.springframework.boot.builder.SpringApplicationBuilder.run(SpringApplicationBuilder.java:137)
	at org.springframework.cloud.bootstrap.BootstrapApplicationListener.bootstrapServiceContext(BootstrapApplicationListener.java:208)
	at org.springframework.cloud.bootstrap.BootstrapApplicationListener.onApplicationEvent(BootstrapApplicationListener.java:104)
	at org.springframework.cloud.bootstrap.BootstrapApplicationListener.onApplicationEvent(BootstrapApplicationListener.java:70)
	at org.springframework.context.event.SimpleApplicationEventMulticaster.doInvokeListener(SimpleApplicationEventMulticaster.java:172)
	at org.springframework.context.event.SimpleApplicationEventMulticaster.invokeListener(SimpleApplicationEventMulticaster.java:165)
	at org.springframework.context.event.SimpleApplicationEventMulticaster.multicastEvent(SimpleApplicationEventMulticaster.java:139)
	at org.springframework.context.event.SimpleApplicationEventMulticaster.multicastEvent(SimpleApplicationEventMulticaster.java:127)
	at org.springframework.boot.context.event.EventPublishingRunListener.environmentPrepared(EventPublishingRunListener.java:74)
	at org.springframework.boot.SpringApplicationRunListeners.environmentPrepared(SpringApplicationRunListeners.java:54)
	at org.springframework.boot.SpringApplication.prepareEnvironment(SpringApplication.java:351)
	at org.springframework.boot.SpringApplication.run(SpringApplication.java:317)
	at org.springframework.boot.SpringApplication.run(SpringApplication.java:1246)
	at org.springframework.boot.SpringApplication.run(SpringApplication.java:1234)
	at com.coderpwh.member.MemberApplication.main(MemberApplication.java:16)
	at sun.reflect.NativeMethodAccessorImpl.invoke0(Native Method)
	at sun.reflect.NativeMethodAccessorImpl.invoke(NativeMethodAccessorImpl.java:62)
	at sun.reflect.DelegatingMethodAccessorImpl.invoke(DelegatingMethodAccessorImpl.java:43)
	at java.lang.reflect.Method.invoke(Method.java:498)
	at org.springframework.boot.devtools.restart.RestartLauncher.run(RestartLauncher.java:49)
2024-03-22 14:14:17.085 [,] [restartedMain] ERROR o.s.boot.SpringApplication - Application run failed
java.lang.IllegalStateException: Logback configuration error detected: 
ERROR in ch.qos.logback.core.joran.action.NestedComplexPropertyIA - Could not create component [encoder] of type [net.logstash.logback.encoder.LogstashEncoder] java.lang.ClassNotFoundException: net.logstash.logback.encoder.LogstashEncoder
ERROR in ch.qos.logback.core.joran.spi.Interpreter@52:86 - no applicable action for [fieldNames], current ElementPath  is [[configuration][appender][encoder][fieldNames]]
ERROR in ch.qos.logback.core.joran.spi.Interpreter@53:29 - no applicable action for [includeContext], current ElementPath  is [[configuration][appender][encoder][includeContext]]
ERROR in ch.qos.logback.core.joran.spi.Interpreter@54:32 - no applicable action for [includeCallerData], current ElementPath  is [[configuration][appender][encoder][includeCallerData]]
ERROR in ch.qos.logback.core.joran.spi.Interpreter@55:27 - no applicable action for [customFields], current ElementPath  is [[configuration][appender][encoder][customFields]]
ERROR in ch.qos.logback.core.joran.spi.Interpreter@56:97 - no applicable action for [provider], current ElementPath  is [[configuration][appender][encoder][provider]]
ERROR in ch.qos.logback.core.joran.spi.Interpreter@57:28 - no applicable action for [fieldName], current ElementPath  is [[configuration][appender][encoder][provider][fieldName]]
ERROR in ch.qos.logback.core.joran.spi.Interpreter@59:106 - no applicable action for [provider], current ElementPath  is [[configuration][appender][encoder][provider]]
ERROR in ch.qos.logback.core.joran.spi.Interpreter@60:28 - no applicable action for [fieldName], current ElementPath  is [[configuration][appender][encoder][provider][fieldName]]
ERROR in ch.qos.logback.core.joran.spi.Interpreter@61:37 - no applicable action for [useSimpleClassName], current ElementPath  is [[configuration][appender][encoder][provider][useSimpleClassName]]
ERROR in ch.qos.logback.core.joran.spi.Interpreter@63:115 - no applicable action for [provider], current ElementPath  is [[configuration][appender][encoder][provider]]
ERROR in ch.qos.logback.core.joran.spi.Interpreter@64:28 - no applicable action for [fieldName], current ElementPath  is [[configuration][appender][encoder][provider][fieldName]]
ERROR in ch.qos.logback.core.joran.spi.Interpreter@65:37 - no applicable action for [useSimpleClassName], current ElementPath  is [[configuration][appender][encoder][provider][useSimpleClassName]]
ERROR in ch.qos.logback.core.rolling.RollingFileAppender[RENT_FILE] - No encoder set for the appender named "RENT_FILE".
	at org.springframework.boot.logging.logback.LogbackLoggingSystem.loadConfiguration(LogbackLoggingSystem.java:166)
	at org.springframework.boot.logging.AbstractLoggingSystem.initializeWithConventions(AbstractLoggingSystem.java:82)
	at org.springframework.boot.logging.AbstractLoggingSystem.initialize(AbstractLoggingSystem.java:60)
	at org.springframework.boot.logging.logback.LogbackLoggingSystem.initialize(LogbackLoggingSystem.java:114)
	at org.springframework.boot.context.logging.LoggingApplicationListener.initializeSystem(LoggingApplicationListener.java:264)
	at org.springframework.boot.context.logging.LoggingApplicationListener.initialize(LoggingApplicationListener.java:237)
	at org.springframework.boot.context.logging.LoggingApplicationListener.onApplicationEnvironmentPreparedEvent(LoggingApplicationListener.java:200)
	at org.springframework.boot.context.logging.LoggingApplicationListener.onApplicationEvent(LoggingApplicationListener.java:173)
	at org.springframework.context.event.SimpleApplicationEventMulticaster.doInvokeListener(SimpleApplicationEventMulticaster.java:172)
	at org.springframework.context.event.SimpleApplicationEventMulticaster.invokeListener(SimpleApplicationEventMulticaster.java:165)
	at org.springframework.context.event.SimpleApplicationEventMulticaster.multicastEvent(SimpleApplicationEventMulticaster.java:139)
	at org.springframework.context.event.SimpleApplicationEventMulticaster.multicastEvent(SimpleApplicationEventMulticaster.java:127)
	at org.springframework.boot.context.event.EventPublishingRunListener.environmentPrepared(EventPublishingRunListener.java:74)
	at org.springframework.boot.SpringApplicationRunListeners.environmentPrepared(SpringApplicationRunListeners.java:54)
	at org.springframework.boot.SpringApplication.prepareEnvironment(SpringApplication.java:351)
	at org.springframework.boot.SpringApplication.run(SpringApplication.java:317)
	at org.springframework.boot.builder.SpringApplicationBuilder.run(SpringApplicationBuilder.java:137)
	at org.springframework.cloud.bootstrap.BootstrapApplicationListener.bootstrapServiceContext(BootstrapApplicationListener.java:208)
	at org.springframework.cloud.bootstrap.BootstrapApplicationListener.onApplicationEvent(BootstrapApplicationListener.java:104)
	at org.springframework.cloud.bootstrap.BootstrapApplicationListener.onApplicationEvent(BootstrapApplicationListener.java:70)
	at org.springframework.context.event.SimpleApplicationEventMulticaster.doInvokeListener(SimpleApplicationEventMulticaster.java:172)
	at org.springframework.context.event.SimpleApplicationEventMulticaster.invokeListener(SimpleApplicationEventMulticaster.java:165)
	at org.springframework.context.event.SimpleApplicationEventMulticaster.multicastEvent(SimpleApplicationEventMulticaster.java:139)
	at org.springframework.context.event.SimpleApplicationEventMulticaster.multicastEvent(SimpleApplicationEventMulticaster.java:127)
	at org.springframework.boot.context.event.EventPublishingRunListener.environmentPrepared(EventPublishingRunListener.java:74)
	at org.springframework.boot.SpringApplicationRunListeners.environmentPrepared(SpringApplicationRunListeners.java:54)
	at org.springframework.boot.SpringApplication.prepareEnvironment(SpringApplication.java:351)
	at org.springframework.boot.SpringApplication.run(SpringApplication.java:317)
	at org.springframework.boot.SpringApplication.run(SpringApplication.java:1246)
	at org.springframework.boot.SpringApplication.run(SpringApplication.java:1234)
	at com.coderpwh.member.MemberApplication.main(MemberApplication.java:16)
	at sun.reflect.NativeMethodAccessorImpl.invoke0(Native Method)
	at sun.reflect.NativeMethodAccessorImpl.invoke(NativeMethodAccessorImpl.java:62)
	at sun.reflect.DelegatingMethodAccessorImpl.invoke(DelegatingMethodAccessorImpl.java:43)
	at java.lang.reflect.Method.invoke(Method.java:498)
	at org.springframework.boot.devtools.restart.RestartLauncher.run(RestartLauncher.java:49)
